\BOOKMARK [1][-]{section.1}{Problem\0401}{}% 1
\BOOKMARK [1][-]{section.2}{Problem\0402}{}% 2
\BOOKMARK [1][-]{section.3}{Problem\0403}{}% 3
\BOOKMARK [2][-]{subsection.3.1}{\(i\)}{section.3}% 4
\BOOKMARK [2][-]{subsection.3.2}{\(ii\)}{section.3}% 5
\BOOKMARK [2][-]{subsection.3.3}{\(iii\)}{section.3}% 6
\BOOKMARK [1][-]{section.4}{Problem\0404}{}% 7
\BOOKMARK [2][-]{subsection.4.1}{\(i\)}{section.4}% 8
\BOOKMARK [2][-]{subsection.4.2}{\(ii\)}{section.4}% 9
\BOOKMARK [1][-]{section.5}{Problem\0405}{}% 10
\BOOKMARK [1][-]{section.6}{Problem\0406}{}% 11
\BOOKMARK [2][-]{subsection.6.1}{\(i\)}{section.6}% 12
\BOOKMARK [2][-]{subsection.6.2}{\(ii\)}{section.6}% 13
\BOOKMARK [2][-]{subsection.6.3}{\(iii\)}{section.6}% 14
\BOOKMARK [2][-]{subsection.6.4}{\(iv\)}{section.6}% 15
\BOOKMARK [1][-]{section.7}{Problem\0407}{}% 16
\BOOKMARK [2][-]{subsection.7.1}{\(i\)}{section.7}% 17
\BOOKMARK [2][-]{subsection.7.2}{\(ii\)}{section.7}% 18
\BOOKMARK [1][-]{section.8}{Problem\0408}{}% 19
\BOOKMARK [2][-]{subsection.8.1}{\(i\)}{section.8}% 20
\BOOKMARK [2][-]{subsection.8.2}{\(ii\)}{section.8}% 21
\BOOKMARK [1][-]{section.9}{Problem\0409}{}% 22
\BOOKMARK [1][-]{section.10}{Problem\04010}{}% 23
